e:\final project\spacewar_png\spacewar_png\debug\imain.obj
e:\final project\spacewar_png\spacewar_png\debug\vc100.pdb
a:\game project\spacewar_png\spacewar_png\debug\imain.obj
a:\game project\spacewar_png\spacewar_png\debug\vc100.pdb
c:\users\shahr\downloads\shareit\to be filled by o.e.m\file\spacewar_png\spacewar_png\debug\imain.obj
c:\users\shahr\downloads\shareit\to be filled by o.e.m\file\spacewar_png\spacewar_png\debug\vc100.pdb
a:\war space\spacewar_png\spacewar_png\debug\imain.obj
a:\war space\spacewar_png\spacewar_png\debug\vc100.pdb
e:\study\spacewar_png\spacewar_png\debug\imain.obj
e:\study\spacewar_png\spacewar_png\debug\vc100.pdb
e:\anime\new folder (4)\spacewar_png\spacewar_png\debug\imain.obj
e:\anime\new folder (4)\spacewar_png\spacewar_png\debug\vc100.pdb
e:\anime\new folder (4)\new folder\spacewar_png\spacewar_png\debug\imain.obj
e:\anime\new folder (4)\new folder\spacewar_png\spacewar_png\debug\vc100.pdb
c:\users\shahr\desktop\spacewar_png\spacewar_png\debug\imain.obj
c:\users\shahr\desktop\spacewar_png\spacewar_png\debug\vc100.pdb
e:\anime\half done\spacewar_png_makkhon\spacewar_png\debug\imain.obj
e:\anime\half done\spacewar_png_makkhon\spacewar_png\debug\vc100.pdb
e:\study\semester 1.2\spacewar_png_makkhon\spacewar_png\debug\imain.obj
e:\study\semester 1.2\spacewar_png_makkhon\spacewar_png\debug\vc100.pdb
e:\study\semester 1.2\spacewar_png_final\spacewar_png\debug\imain.obj
e:\study\semester 1.2\spacewar_png_final\spacewar_png\debug\vc100.pdb
a:\c\new\spacewar_png_final\spacewar_png\debug\imain.obj
a:\c\new\spacewar_png_final\spacewar_png\debug\vc100.pdb
c:\users\shafayet\desktop\spacewar_class_testl\spacewar_png\debug\imain.obj
c:\users\shafayet\desktop\spacewar_class_testl\spacewar_png\debug\vc100.pdb
e:\anime\up\spacewar_class_testl\spacewar_png\debug\imain.obj
e:\anime\up\spacewar_class_testl\spacewar_png\debug\vc100.pdb
e:\anime\up\ssd\spacewar_class_testl\spacewar_png\debug\imain.obj
e:\anime\up\ssd\spacewar_class_testl\spacewar_png\debug\vc100.pdb
e:\merge\ssd\spacewar_class_testl\spacewar_png\debug\imain.obj
e:\merge\ssd\spacewar_class_testl\spacewar_png\debug\vc100.pdb
c:\users\shafayet\desktop\ssd\almost final\ssd\spacewar_class_testl\spacewar_png\debug\imain.obj
c:\users\shafayet\desktop\ssd\almost final\ssd\spacewar_class_testl\spacewar_png\debug\vc100.pdb
c:\users\shahr\downloads\shareit\to be filled by o.e.m\file\almost final\ssd\spacewar_class_testl\spacewar_png\debug\imain.obj
c:\users\shahr\downloads\shareit\to be filled by o.e.m\file\almost final\ssd\spacewar_class_testl\spacewar_png\debug\vc100.pdb
c:\users\shahr\desktop\final\ssd\spacewar_class_testl\spacewar_png\debug\imain.obj
c:\users\shahr\desktop\final\ssd\spacewar_class_testl\spacewar_png\debug\vc100.pdb
e:\merge\final\final\final game\space_war_sd_lab_project\spacewar_png\debug\imain.obj
e:\merge\final\final\final game\space_war_sd_lab_project\spacewar_png\debug\vc100.pdb
e:\merge\final\doc\final\final game\space_war_sd_lab_project\spacewar_png\debug\imain.obj
e:\merge\final\doc\final\final game\space_war_sd_lab_project\spacewar_png\debug\vc100.pdb
c:\users\shafayet\desktop\ssd\doc\final\final game\space_war_sd_lab_project\spacewar_png\debug\imain.obj
c:\users\shafayet\desktop\ssd\doc\final\final game\space_war_sd_lab_project\spacewar_png\debug\vc100.pdb
a:\game project\spacewar_png\debug\spacewar_png.ilk
a:\game project\spacewar_png\debug\spacewar_png.exe
a:\game project\spacewar_png\spacewar_png\debug\spacewar_png.exe.intermediate.manifest
a:\game project\spacewar_png\debug\spacewar_png.pdb
e:\final project\spacewar_png\debug\spacewar_png.ilk
e:\final project\spacewar_png\debug\spacewar_png.exe
e:\final project\spacewar_png\spacewar_png\debug\spacewar_png.exe.intermediate.manifest
e:\final project\spacewar_png\debug\spacewar_png.pdb
c:\users\shahr\downloads\shareit\to be filled by o.e.m\file\spacewar_png\debug\spacewar_png.ilk
c:\users\shahr\downloads\shareit\to be filled by o.e.m\file\spacewar_png\debug\spacewar_png.exe
c:\users\shahr\downloads\shareit\to be filled by o.e.m\file\spacewar_png\spacewar_png\debug\spacewar_png.exe.intermediate.manifest
c:\users\shahr\downloads\shareit\to be filled by o.e.m\file\spacewar_png\debug\spacewar_png.pdb
a:\war space\spacewar_png\debug\spacewar_png.ilk
a:\war space\spacewar_png\debug\spacewar_png.exe
a:\war space\spacewar_png\spacewar_png\debug\spacewar_png.exe.intermediate.manifest
a:\war space\spacewar_png\debug\spacewar_png.pdb
e:\study\spacewar_png\debug\spacewar_png.ilk
e:\study\spacewar_png\debug\spacewar_png.exe
e:\study\spacewar_png\spacewar_png\debug\spacewar_png.exe.intermediate.manifest
e:\study\spacewar_png\debug\spacewar_png.pdb
e:\anime\new folder (4)\spacewar_png\debug\spacewar_png.ilk
e:\anime\new folder (4)\spacewar_png\debug\spacewar_png.exe
e:\anime\new folder (4)\spacewar_png\spacewar_png\debug\spacewar_png.exe.intermediate.manifest
e:\anime\new folder (4)\spacewar_png\debug\spacewar_png.pdb
c:\users\shahr\desktop\spacewar_png\debug\spacewar_png.ilk
c:\users\shahr\desktop\spacewar_png\debug\spacewar_png.exe
c:\users\shahr\desktop\spacewar_png\spacewar_png\debug\spacewar_png.exe.intermediate.manifest
c:\users\shahr\desktop\spacewar_png\debug\spacewar_png.pdb
e:\anime\half done\spacewar_png_makkhon\debug\spacewar_png.ilk
e:\anime\half done\spacewar_png_makkhon\debug\spacewar_png.exe
e:\anime\half done\spacewar_png_makkhon\spacewar_png\debug\spacewar_png.exe.intermediate.manifest
e:\anime\half done\spacewar_png_makkhon\debug\spacewar_png.pdb
e:\study\semester 1.2\spacewar_png_makkhon\debug\spacewar_png.ilk
e:\study\semester 1.2\spacewar_png_makkhon\debug\spacewar_png.exe
e:\study\semester 1.2\spacewar_png_makkhon\spacewar_png\debug\spacewar_png.exe.intermediate.manifest
e:\study\semester 1.2\spacewar_png_makkhon\debug\spacewar_png.pdb
e:\study\semester 1.2\spacewar_png_final\debug\spacewar_png.ilk
e:\study\semester 1.2\spacewar_png_final\debug\spacewar_png.exe
e:\study\semester 1.2\spacewar_png_final\spacewar_png\debug\spacewar_png.exe.intermediate.manifest
e:\study\semester 1.2\spacewar_png_final\debug\spacewar_png.pdb
a:\c\new\spacewar_png_final\debug\spacewar_png.ilk
a:\c\new\spacewar_png_final\debug\spacewar_png.exe
a:\c\new\spacewar_png_final\spacewar_png\debug\spacewar_png.exe.intermediate.manifest
a:\c\new\spacewar_png_final\debug\spacewar_png.pdb
c:\users\shafayet\desktop\spacewar_class_testl\debug\spacewar_png.ilk
c:\users\shafayet\desktop\spacewar_class_testl\debug\spacewar_png.exe
c:\users\shafayet\desktop\spacewar_class_testl\spacewar_png\debug\spacewar_png.exe.intermediate.manifest
c:\users\shafayet\desktop\spacewar_class_testl\debug\spacewar_png.pdb
e:\anime\up\spacewar_class_testl\debug\spacewar_png.ilk
e:\anime\up\spacewar_class_testl\debug\spacewar_png.exe
e:\anime\up\spacewar_class_testl\spacewar_png\debug\spacewar_png.exe.intermediate.manifest
e:\anime\up\spacewar_class_testl\debug\spacewar_png.pdb
e:\anime\up\ssd\spacewar_class_testl\debug\spacewar_png.ilk
e:\anime\up\ssd\spacewar_class_testl\debug\spacewar_png.exe
e:\anime\up\ssd\spacewar_class_testl\spacewar_png\debug\spacewar_png.exe.intermediate.manifest
e:\anime\up\ssd\spacewar_class_testl\debug\spacewar_png.pdb
e:\merge\ssd\spacewar_class_testl\debug\spacewar_png.ilk
e:\merge\ssd\spacewar_class_testl\debug\spacewar_png.exe
e:\merge\ssd\spacewar_class_testl\spacewar_png\debug\spacewar_png.exe.intermediate.manifest
e:\merge\ssd\spacewar_class_testl\debug\spacewar_png.pdb
c:\users\shafayet\desktop\ssd\almost final\ssd\spacewar_class_testl\debug\spacewar_png.ilk
c:\users\shafayet\desktop\ssd\almost final\ssd\spacewar_class_testl\debug\spacewar_png.exe
c:\users\shafayet\desktop\ssd\almost final\ssd\spacewar_class_testl\spacewar_png\debug\spacewar_png.exe.intermediate.manifest
c:\users\shafayet\desktop\ssd\almost final\ssd\spacewar_class_testl\debug\spacewar_png.pdb
c:\users\shahr\downloads\shareit\to be filled by o.e.m\file\almost final\ssd\spacewar_class_testl\debug\spacewar_png.ilk
c:\users\shahr\downloads\shareit\to be filled by o.e.m\file\almost final\ssd\spacewar_class_testl\debug\spacewar_png.exe
c:\users\shahr\downloads\shareit\to be filled by o.e.m\file\almost final\ssd\spacewar_class_testl\spacewar_png\debug\spacewar_png.exe.intermediate.manifest
c:\users\shahr\downloads\shareit\to be filled by o.e.m\file\almost final\ssd\spacewar_class_testl\debug\spacewar_png.pdb
c:\users\shahr\desktop\final\ssd\spacewar_class_testl\debug\spacewar_png.ilk
c:\users\shahr\desktop\final\ssd\spacewar_class_testl\debug\spacewar_png.exe
c:\users\shahr\desktop\final\ssd\spacewar_class_testl\spacewar_png\debug\spacewar_png.exe.intermediate.manifest
c:\users\shahr\desktop\final\ssd\spacewar_class_testl\debug\spacewar_png.pdb
e:\merge\final\final\final game\space_war_sd_lab_project\debug\spacewar_png.ilk
e:\merge\final\final\final game\space_war_sd_lab_project\debug\spacewar_png.exe
e:\merge\final\final\final game\space_war_sd_lab_project\spacewar_png\debug\spacewar_png.exe.intermediate.manifest
e:\merge\final\final\final game\space_war_sd_lab_project\debug\spacewar_png.pdb
e:\merge\final\doc\final\final game\space_war_sd_lab_project\debug\spacewar_png.ilk
e:\merge\final\doc\final\final game\space_war_sd_lab_project\debug\spacewar_png.exe
e:\merge\final\doc\final\final game\space_war_sd_lab_project\spacewar_png\debug\spacewar_png.exe.intermediate.manifest
e:\merge\final\doc\final\final game\space_war_sd_lab_project\debug\spacewar_png.pdb
c:\users\shafayet\desktop\ssd\doc\final\final game\space_war_sd_lab_project\debug\spacewar_png.ilk
c:\users\shafayet\desktop\ssd\doc\final\final game\space_war_sd_lab_project\debug\spacewar_png.exe
c:\users\shafayet\desktop\ssd\doc\final\final game\space_war_sd_lab_project\spacewar_png\debug\spacewar_png.exe.intermediate.manifest
c:\users\shafayet\desktop\ssd\doc\final\final game\space_war_sd_lab_project\debug\spacewar_png.pdb
e:\anime\new folder (4)\new folder\spacewar_png\debug\spacewar_png.exe
c:\users\asus\desktop\spacewar-master\space_war_sd_lab_project\spacewar_png\debug\vc120.pdb
c:\users\asus\desktop\spacewar-master\space_war_sd_lab_project\spacewar_png\debug\vc120.idb
c:\users\asus\desktop\spacewar-master\space_war_sd_lab_project\spacewar_png\debug\imain.obj
c:\users\asus\desktop\spacewar-master\space_war_sd_lab_project\spacewar_png\debug\spacewar_png.vcxprojresolveassemblyreference.cache
c:\users\asus\desktop\spacewar-master\space_war_sd_lab_project\spacewar_png\debug\cl.command.1.tlog
c:\users\asus\desktop\spacewar-master\space_war_sd_lab_project\spacewar_png\debug\cl.read.1.tlog
c:\users\asus\desktop\spacewar-master\space_war_sd_lab_project\spacewar_png\debug\cl.write.1.tlog
c:\users\asus\desktop\spacewar-master\space_war_sd_lab_project\spacewar_png\debug\link.command.1.tlog
c:\users\asus\desktop\spacewar-master\space_war_sd_lab_project\spacewar_png\debug\link.read.1.tlog
c:\users\asus\desktop\spacewar-master\space_war_sd_lab_project\spacewar_png\debug\link.write.1.tlog
c:\users\asus\desktop\spacewar-master\space_war_sd_lab_project\spacewar_png\debug\mt.command.1.tlog
c:\users\asus\desktop\spacewar-master\space_war_sd_lab_project\spacewar_png\debug\mt.read.1.tlog
c:\users\asus\desktop\spacewar-master\space_war_sd_lab_project\spacewar_png\debug\mt.write.1.tlog
c:\users\asus\desktop\spacewar-master\space_war_sd_lab_project\spacewar_png\debug\spacewar_png.write.1.tlog
c:\users\asus\desktop\spacewar-master\space_war_sd_lab_project\spacewar_png\debug\spacewar_png.exe.intermediate.manifest
c:\users\asus\desktop\spacewar-master\space_war_sd_lab_project\spacewar_png\debug\vc100.idb
c:\users\asus\desktop\spacewar-master\space_war_sd_lab_project\spacewar_png\debug\vc100.pdb
c:\users\asus\desktop\spacewar-master\space_war_sd_lab_project\debug\spacewar_png.pdb
c:\users\asus\desktop\spacewar-master\space_war_sd_lab_project\spacewar_png\debug\spacewar_png.tlog\cl.command.1.tlog
c:\users\asus\desktop\spacewar-master\space_war_sd_lab_project\spacewar_png\debug\spacewar_png.tlog\cl.read.1.tlog
c:\users\asus\desktop\spacewar-master\space_war_sd_lab_project\spacewar_png\debug\spacewar_png.tlog\cl.write.1.tlog
c:\users\asus\desktop\spacewar-master\space_war_sd_lab_project\spacewar_png\debug\spacewar_png.tlog\link-cvtres.read.1.tlog
c:\users\asus\desktop\spacewar-master\space_war_sd_lab_project\spacewar_png\debug\spacewar_png.tlog\link-cvtres.write.1.tlog
c:\users\asus\desktop\spacewar-master\space_war_sd_lab_project\spacewar_png\debug\spacewar_png.tlog\link-rc.read.1.tlog
c:\users\asus\desktop\spacewar-master\space_war_sd_lab_project\spacewar_png\debug\spacewar_png.tlog\link-rc.write.1.tlog
c:\users\asus\desktop\spacewar-master\space_war_sd_lab_project\spacewar_png\debug\spacewar_png.tlog\link.command.1.tlog
c:\users\asus\desktop\spacewar-master\space_war_sd_lab_project\spacewar_png\debug\spacewar_png.tlog\link.read.1.tlog
c:\users\asus\desktop\spacewar-master\space_war_sd_lab_project\spacewar_png\debug\spacewar_png.tlog\link.write.1.tlog
